<?xml version="1.0" encoding="UTF-8"?>
<beans xmlns="http://www.springframework.org/schema/beans"
	xmlns:xsi="http://www.w3.org/2001/XMLSchema-instance"
	xsi:schemaLocation="http://www.springframework.org/schema/beans
							http://www.springframework.org/schema/beans/spring-beans-2.0.xsd">
	<bean id="propertiesReplacer" class="org.springframework.beans.factory.config.PropertyPlaceholderConfigurer">
		<property name="systemPropertiesModeName" value="SYSTEM_PROPERTIES_MODE_FALLBACK" />
		<property name="propertiesArray">
			<list>
				<bean class="be.butskri.commons.infrastructure.EnvironmentDependentProperties">
					<constructor-arg value="classpath:easybudget-test.properties" />
				</bean>
			</list>
		</property>
	</bean>
</beans>
